[     113ms] [INFO] %cDownload the React DevTools for a better development experience: https://react.dev/link/react-devtools font-weight:bold @ http://localhost:3004/_next/static/chunks/ca39b_next_dist_compiled_7040a26a._.js:16591
[ 1105839ms] [LOG] [Fast Refresh] rebuilding @ http://localhost:3004/_next/static/chunks/ca39b_next_dist_client_08b47e83._.js:15512
[ 1105873ms] [LOG] [Fast Refresh] done in 105ms @ http://localhost:3004/_next/static/chunks/ca39b_next_dist_client_08b47e83._.js:15376
[ 1119715ms] [LOG] [Fast Refresh] rebuilding @ http://localhost:3004/_next/static/chunks/ca39b_next_dist_client_08b47e83._.js:15512
[ 1119723ms] [ERROR] ./src/components/ui/sidebar.tsx:37:6
Parsing ecmascript source code failed
  35 |
  36 |   return (
> 37 |     <aside className="w-56 min-h-screen flex flex-col shrink-0" style={{ background: '#0B1120' }} aria-label="主导航">
     |      ^^^^^
  38 |       {/* Logo */}
  39 |       <div className="px-4 py-5" style={{ borderBottom: '1px solid rgba(255,255,255,0.06)' }}>
  40 |         <div className="flex items-center gap-3">

Unexpected token `aside`. Expected jsx identifier @ http://localhost:3004/_next/static/chunks/ca39b_next_dist_client_08b47e83._.js:773
[ 1145156ms] [LOG] [Fast Refresh] rebuilding @ http://localhost:3004/_next/static/chunks/ca39b_next_dist_client_08b47e83._.js:15512
[ 1145262ms] [LOG] [Fast Refresh] done in 102ms @ http://localhost:3004/_next/static/chunks/ca39b_next_dist_client_08b47e83._.js:15376
[ 1165555ms] [LOG] [Fast Refresh] rebuilding @ http://localhost:3004/_next/static/chunks/ca39b_next_dist_client_08b47e83._.js:15512
[ 1165636ms] [LOG] [Fast Refresh] done in 157ms @ http://localhost:3004/_next/static/chunks/ca39b_next_dist_client_08b47e83._.js:15376
[ 1174371ms] [LOG] [Fast Refresh] rebuilding @ http://localhost:3004/_next/static/chunks/ca39b_next_dist_client_08b47e83._.js:15512
[ 1174411ms] [LOG] [Fast Refresh] done in 57ms @ http://localhost:3004/_next/static/chunks/ca39b_next_dist_client_08b47e83._.js:15376
