[     116ms] [LOG] [Fast Refresh] rebuilding @ http://localhost:3004/_next/static/chunks/73576_next_dist_client_374f61ca._.js:15512
[     938ms] [LOG] [Fast Refresh] done in 925ms @ http://localhost:3004/_next/static/chunks/73576_next_dist_client_374f61ca._.js:15376
[    1059ms] [LOG] [Fast Refresh] rebuilding @ http://localhost:3004/_next/static/chunks/73576_next_dist_client_374f61ca._.js:15512
[    1092ms] [LOG] [Fast Refresh] done in 140ms @ http://localhost:3004/_next/static/chunks/73576_next_dist_client_374f61ca._.js:15376
[    1237ms] [INFO] %cDownload the React DevTools for a better development experience: https://react.dev/link/react-devtools font-weight:bold @ http://localhost:3004/_next/static/chunks/73576_next_dist_compiled_993ed592._.js:16591
[    1548ms] [LOG] [Fast Refresh] rebuilding @ http://localhost:3004/_next/static/chunks/73576_next_dist_client_374f61ca._.js:15512
[    1549ms] [LOG] [Fast Refresh] done in 113ms @ http://localhost:3004/_next/static/chunks/73576_next_dist_client_374f61ca._.js:15376
[ 4359511ms] [LOG] [Fast Refresh] rebuilding @ http://localhost:3004/_next/static/chunks/73576_next_dist_client_374f61ca._.js:15512
[ 4359668ms] [LOG] [Fast Refresh] done in 263ms @ http://localhost:3004/_next/static/chunks/73576_next_dist_client_374f61ca._.js:15376
[ 4370158ms] [LOG] [Fast Refresh] rebuilding @ http://localhost:3004/_next/static/chunks/73576_next_dist_client_374f61ca._.js:15512
[ 4370175ms] [LOG] [Fast Refresh] done in 125ms @ http://localhost:3004/_next/static/chunks/73576_next_dist_client_374f61ca._.js:15376
[ 4393248ms] [LOG] [Fast Refresh] rebuilding @ http://localhost:3004/_next/static/chunks/73576_next_dist_client_374f61ca._.js:15512
[ 4393374ms] [LOG] [Fast Refresh] done in 234ms @ http://localhost:3004/_next/static/chunks/73576_next_dist_client_374f61ca._.js:15376
[ 4423433ms] [LOG] [Fast Refresh] rebuilding @ http://localhost:3004/_next/static/chunks/73576_next_dist_client_374f61ca._.js:15512
[ 4423732ms] [LOG] [Fast Refresh] done in 336ms @ http://localhost:3004/_next/static/chunks/73576_next_dist_client_374f61ca._.js:15376
[ 4424227ms] [INFO] %cDownload the React DevTools for a better development experience: https://react.dev/link/react-devtools font-weight:bold @ http://localhost:3004/_next/static/chunks/73576_next_dist_compiled_993ed592._.js:16591
[ 4424911ms] [LOG] [Fast Refresh] done in NaNms @ http://localhost:3004/_next/static/chunks/73576_next_dist_client_374f61ca._.js:15376
[ 4445542ms] [LOG] [Fast Refresh] rebuilding @ http://localhost:3004/_next/static/chunks/73576_next_dist_client_374f61ca._.js:15512
[ 4445572ms] [LOG] [Fast Refresh] done in 61ms @ http://localhost:3004/_next/static/chunks/73576_next_dist_client_374f61ca._.js:15376
[ 4455362ms] [LOG] [Fast Refresh] rebuilding @ http://localhost:3004/_next/static/chunks/73576_next_dist_client_374f61ca._.js:15512
[ 4455405ms] [LOG] [Fast Refresh] done in 62ms @ http://localhost:3004/_next/static/chunks/73576_next_dist_client_374f61ca._.js:15376
[ 4466637ms] [LOG] [Fast Refresh] rebuilding @ http://localhost:3004/_next/static/chunks/73576_next_dist_client_374f61ca._.js:15512
[ 4466669ms] [LOG] [Fast Refresh] done in 62ms @ http://localhost:3004/_next/static/chunks/73576_next_dist_client_374f61ca._.js:15376
[ 4497455ms] [LOG] [Fast Refresh] rebuilding @ http://localhost:3004/_next/static/chunks/73576_next_dist_client_374f61ca._.js:15512
[ 4497486ms] [LOG] [Fast Refresh] done in 62ms @ http://localhost:3004/_next/static/chunks/73576_next_dist_client_374f61ca._.js:15376
[ 4535344ms] [LOG] [Fast Refresh] rebuilding @ http://localhost:3004/_next/static/chunks/73576_next_dist_client_374f61ca._.js:15512
[ 4535374ms] [LOG] [Fast Refresh] done in 77ms @ http://localhost:3004/_next/static/chunks/73576_next_dist_client_374f61ca._.js:15376
[ 4579634ms] [LOG] [Fast Refresh] rebuilding @ http://localhost:3004/_next/static/chunks/73576_next_dist_client_374f61ca._.js:15512
[ 4579665ms] [LOG] [Fast Refresh] done in 62ms @ http://localhost:3004/_next/static/chunks/73576_next_dist_client_374f61ca._.js:15376
[ 4639736ms] [LOG] [Fast Refresh] rebuilding @ http://localhost:3004/_next/static/chunks/73576_next_dist_client_374f61ca._.js:15512
[ 4639770ms] [LOG] [Fast Refresh] done in 104ms @ http://localhost:3004/_next/static/chunks/73576_next_dist_client_374f61ca._.js:15376
